0 info it worked if it ends with ok
1 verbose cli [ '/Users/jorgecarapia/.nvm/versions/node/v6.6.0/bin/node',
1 verbose cli   '/Users/jorgecarapia/.nvm/versions/node/v6.6.0/bin/npm',
1 verbose cli   'run',
1 verbose cli   'test:watch' ]
2 info using npm@3.10.3
3 info using node@v6.6.0
4 verbose run-script [ 'pretest:watch', 'test:watch', 'posttest:watch' ]
5 info lifecycle react-redux-template@~pretest:watch: react-redux-template@
6 silly lifecycle react-redux-template@~pretest:watch: no script for pretest:watch, continuing
7 info lifecycle react-redux-template@~test:watch: react-redux-template@
8 verbose lifecycle react-redux-template@~test:watch: unsafe-perm in lifecycle true
9 verbose lifecycle react-redux-template@~test:watch: PATH: /Users/jorgecarapia/.nvm/versions/node/v6.6.0/lib/node_modules/npm/bin/node-gyp-bin:/Users/jorgecarapia/Desktop/WeatherApp/node_modules/.bin:/Users/jorgecarapia/.nvm/versions/node/v6.6.0/bin:/Users/jorgecarapia/.nvm/versions/node/v6.6.0/bin:/usr/bin:/bin:/usr/sbin:/sbin:/usr/local/bin
10 verbose lifecycle react-redux-template@~test:watch: CWD: /Users/jorgecarapia/Desktop/WeatherApp
11 silly lifecycle react-redux-template@~test:watch: Args: [ '-c', 'npm run test -- --watch' ]
12 silly lifecycle react-redux-template@~test:watch: Returned: code: 1  signal: null
13 info lifecycle react-redux-template@~test:watch: Failed to exec test:watch script
14 verbose stack Error: react-redux-template@ test:watch: `npm run test -- --watch`
14 verbose stack Exit status 1
14 verbose stack     at EventEmitter.<anonymous> (/Users/jorgecarapia/.nvm/versions/node/v6.6.0/lib/node_modules/npm/lib/utils/lifecycle.js:242:16)
14 verbose stack     at emitTwo (events.js:106:13)
14 verbose stack     at EventEmitter.emit (events.js:191:7)
14 verbose stack     at ChildProcess.<anonymous> (/Users/jorgecarapia/.nvm/versions/node/v6.6.0/lib/node_modules/npm/lib/utils/spawn.js:40:14)
14 verbose stack     at emitTwo (events.js:106:13)
14 verbose stack     at ChildProcess.emit (events.js:191:7)
14 verbose stack     at maybeClose (internal/child_process.js:877:16)
14 verbose stack     at Process.ChildProcess._handle.onexit (internal/child_process.js:226:5)
15 verbose pkgid react-redux-template@
16 verbose cwd /Users/jorgecarapia/Desktop/WeatherApp
17 error Darwin 15.5.0
18 error argv "/Users/jorgecarapia/.nvm/versions/node/v6.6.0/bin/node" "/Users/jorgecarapia/.nvm/versions/node/v6.6.0/bin/npm" "run" "test:watch"
19 error node v6.6.0
20 error npm  v3.10.3
21 error code ELIFECYCLE
22 error react-redux-template@ test:watch: `npm run test -- --watch`
22 error Exit status 1
23 error Failed at the react-redux-template@ test:watch script 'npm run test -- --watch'.
23 error Make sure you have the latest version of node.js and npm installed.
23 error If you do, this is most likely a problem with the react-redux-template package,
23 error not with npm itself.
23 error Tell the author that this fails on your system:
23 error     npm run test -- --watch
23 error You can get information on how to open an issue for this project with:
23 error     npm bugs react-redux-template
23 error Or if that isn't available, you can get their info via:
23 error     npm owner ls react-redux-template
23 error There is likely additional logging output above.
24 verbose exit [ 1, true ]
